app/build/outputs/logs/manifest-merger-debug-report.txt
-- Merging decision tree log ---
manifest
ADDED from src\main\AndroidManifest.xml:2:1-52:12
	package
		ADDED from src\main\AndroidManifest.xml:3:5-32
		INJECTED from src\main\AndroidManifest.xml
		INJECTED from src\main\AndroidManifest.xml
	android:versionName
		ADDED from src\main\AndroidManifest.xml:5:5-30
	android:versionCode
		ADDED from src\main\AndroidManifest.xml:4:5-28
		INJECTED from src\main\AndroidManifest.xml
		INJECTED from src\main\AndroidManifest.xml
	xmlns:android
		ADDED from src\main\AndroidManifest.xml:2:11-69
uses-sdk
ADDED from src\main\AndroidManifest.xml:7:5-9:41
MERGED from [com.android.support:gridlayout-v7:18.0.0] AndroidManifest.xml:18:5-42
	android:targetSdkVersion
		ADDED from src\main\AndroidManifest.xml:9:9-38
		INJECTED from src\main\AndroidManifest.xml
		INJECTED from src\main\AndroidManifest.xml
	android:minSdkVersion
		ADDED from src\main\AndroidManifest.xml:8:9-35
		INJECTED from src\main\AndroidManifest.xml
		INJECTED from src\main\AndroidManifest.xml
application
ADDED from src\main\AndroidManifest.xml:11:5-36:19
MERGED from [com.android.support:gridlayout-v7:18.0.0] AndroidManifest.xml:19:5-20
	android:label
		ADDED from src\main\AndroidManifest.xml:15:9-41
	android:debuggable
		ADDED from src\main\AndroidManifest.xml:13:9-34
	android:allowBackup
		ADDED from src\main\AndroidManifest.xml:12:9-35
	android:icon
		ADDED from src\main\AndroidManifest.xml:14:9-45
	android:theme
		ADDED from src\main\AndroidManifest.xml:16:9-40
activity#com.mantra.mfs100.MFS100SampleActivity
ADDED from src\main\AndroidManifest.xml:17:9-27:20
	android:screenOrientation
		ADDED from src\main\AndroidManifest.xml:21:13-50
	android:label
		ADDED from src\main\AndroidManifest.xml:20:13-45
	android:configChanges
		ADDED from src\main\AndroidManifest.xml:19:13-63
	android:name
		ADDED from src\main\AndroidManifest.xml:18:13-66
intent-filter#android.intent.action.MAIN+android.intent.category.LAUNCHER
ADDED from src\main\AndroidManifest.xml:22:13-26:29
action#android.intent.action.MAIN
ADDED from src\main\AndroidManifest.xml:23:17-69
	android:name
		ADDED from src\main\AndroidManifest.xml:23:25-66
category#android.intent.category.LAUNCHER
ADDED from src\main\AndroidManifest.xml:25:17-77
	android:name
		ADDED from src\main\AndroidManifest.xml:25:27-74
activity#com.mantra.mfs100.Second
ADDED from src\main\AndroidManifest.xml:28:9-31:20
	android:label
		ADDED from src\main\AndroidManifest.xml:30:13-58
	android:name
		ADDED from src\main\AndroidManifest.xml:29:13-52
activity#com.mantra.mfs100.Preference
ADDED from src\main\AndroidManifest.xml:32:9-35:20
	android:label
		ADDED from src\main\AndroidManifest.xml:34:13-62
	android:name
		ADDED from src\main\AndroidManifest.xml:33:13-56
uses-permission#android.permission.WRITE_EXTERNAL_STORAGE
ADDED from src\main\AndroidManifest.xml:38:5-39:23
	android:name
		ADDED from src\main\AndroidManifest.xml:38:22-78
uses-permission#android.permission.READ_EXTERNAL_STORAGE
ADDED from src\main\AndroidManifest.xml:40:5-80
	android:name
		ADDED from src\main\AndroidManifest.xml:40:22-77
uses-permission#android.permission.INTERNET
ADDED from src\main\AndroidManifest.xml:41:5-42:23
	android:name
		ADDED from src\main\AndroidManifest.xml:41:22-64
uses-permission#android.permission.ACCESS_NETWORK_STATE
ADDED from src\main\AndroidManifest.xml:43:5-44:23
	android:name
		ADDED from src\main\AndroidManifest.xml:43:22-76
uses-permission#android.permission.READ_PHONE_STATE
ADDED from src\main\AndroidManifest.xml:45:5-46:23
	android:name
		ADDED from src\main\AndroidManifest.xml:45:22-72
uses-permission#android.permission.DOWNLOAD_WITHOUT_NOTIFICATION
ADDED from src\main\AndroidManifest.xml:47:5-88
	android:name
		ADDED from src\main\AndroidManifest.xml:47:22-85
uses-permission#android.permission.USB_PERMISSION
ADDED from src\main\AndroidManifest.xml:48:5-73
	android:name
		ADDED from src\main\AndroidManifest.xml:48:22-70
uses-feature#android.hardware.usb.host
ADDED from src\main\AndroidManifest.xml:50:5-62
	android:name
		ADDED from src\main\AndroidManifest.xml:50:19-59